<?xml version="1.0" encoding="utf-8"?>
<test-run id="2" testcasecount="93" result="Passed" total="93" passed="93" failed="0" inconclusive="0" skipped="0" asserts="0" engine-version="3.5.0.0" clr-version="4.0.30319.42000" start-time="2026-09-13 14:16:25Z" end-time="2026-09-13 14:16:31Z" duration="5.7564678">
  <test-suite type="TestSuite" id="1000" name="喷墨对战" fullname="喷墨对战" runstate="Runnable" testcasecount="171" result="Passed" start-time="2026-09-13 14:16:25Z" end-time="2026-09-13 14:16:31Z" duration="5.756468" total="93" passed="93" failed="0" inconclusive="0" skipped="0" asserts="0">
    <properties>
      <property name="platform" value="EditMode" />
    </properties>
    <test-suite type="Assembly" id="1211" name="Splatoon.Tests.dll" fullname="D:/XPHUNITY/ProjectSplatoon/Temp/FourHeroesUnity/Library/ScriptAssemblies/Splatoon.Tests.dll" runstate="Runnable" testcasecount="170" result="Passed" start-time="2026-09-13 14:16:25Z" end-time="2026-09-13 14:16:31Z" duration="5.657772" total="93" passed="93" failed="0" inconclusive="0" skipped="0" asserts="0">
      <properties>
        <property name="_PID" value="41948" />
        <property name="_APPDOMAIN" value="Unity Child Domain" />
        <property name="platform" value="EditMode" />
        <property name="EditorOnly" value="True" />
      </properties>
      <output><![CDATA[[LAN] Ready. Config loaded from Luban.
]]></output>
      <test-suite type="TestSuite" id="1212" name="Splatoon" fullname="Splatoon" runstate="Runnable" testcasecount="170" result="Passed" start-time="2026-09-13 14:16:25Z" end-time="2026-09-13 14:16:31Z" duration="5.602391" total="93" passed="93" failed="0" inconclusive="0" skipped="0" asserts="0">
        <properties />
        <test-suite type="TestSuite" id="1213" name="Tests" fullname="Splatoon.Tests" runstate="Runnable" testcasecount="170" result="Passed" start-time="2026-09-13 14:16:25Z" end-time="2026-09-13 14:16:31Z" duration="5.597170" total="93" passed="93" failed="0" inconclusive="0" skipped="0" asserts="0">
          <properties />
          <test-suite type="TestFixture" id="1022" name="CombatGirlsWeaponTests" fullname="Splatoon.Tests.CombatGirlsWeaponTests" classname="Splatoon.Tests.CombatGirlsWeaponTests" runstate="Runnable" testcasecount="12" result="Passed" start-time="2026-09-13 14:16:09Z" end-time="2026-09-13 14:16:09Z" duration="0.120859" total="12" passed="12" failed="0" inconclusive="0" skipped="0" asserts="0">
            <properties />
            <test-case id="1032" name="AlternationAndShotIdentitySurviveReplayAndResetOnlyWithHeroLifecycle" fullname="Splatoon.Tests.CombatGirlsWeaponTests.AlternationAndShotIdentitySurviveReplayAndResetOnlyWithHeroLifecycle" methodname="AlternationAndShotIdentitySurviveReplayAndResetOnlyWithHeroLifecycle" classname="Splatoon.Tests.CombatGirlsWeaponTests" runstate="Runnable" seed="1550170983" result="Passed" start-time="2026-09-13 14:16:09Z" end-time="2026-09-13 14:16:09Z" duration="0.039467" asserts="0">
              <properties />
            </test-case>
            <test-case id="1033" name="CancelledBufferedClickDoesNotFireAfterControlReturns" fullname="Splatoon.Tests.CombatGirlsWeaponTests.CancelledBufferedClickDoesNotFireAfterControlReturns" methodname="CancelledBufferedClickDoesNotFireAfterControlReturns" classname="Splatoon.Tests.CombatGirlsWeaponTests" runstate="Runnable" seed="101641081" result="Passed" start-time="2026-09-13 14:16:09Z" end-time="2026-09-13 14:16:09Z" duration="0.006393" asserts="0">
              <properties />
            </test-case>
            <test-case id="1031" name="FailedClicksCannotResurfaceLaterOrChangeAlternatingHand" fullname="Splatoon.Tests.CombatGirlsWeaponTests.FailedClicksCannotResurfaceLaterOrChangeAlternatingHand" methodname="FailedClicksCannotResurfaceLaterOrChangeAlternatingHand" classname="Splatoon.Tests.CombatGirlsWeaponTests" runstate="Runnable" seed="610349345" result="Passed" start-time="2026-09-13 14:16:09Z" end-time="2026-09-13 14:16:09Z" duration="0.003831" asserts="0">
              <properties />
            </test-case>
            <test-suite type="ParameterizedMethod" id="1026" name="HeldTriggerEmitsOnceAndReleasedQuickTapCompletesStartup" fullname="Splatoon.Tests.CombatGirlsWeaponTests.HeldTriggerEmitsOnceAndReleasedQuickTapCompletesStartup" classname="Splatoon.Tests.CombatGirlsWeaponTests" runstate="Runnable" testcasecount="3" result="Passed" start-time="2026-09-13 14:16:09Z" end-time="2026-09-13 14:16:09Z" duration="0.012635" total="3" passed="3" failed="0" inconclusive="0" skipped="0" asserts="0">
              <properties />
              <test-case id="1023" name="HeldTriggerEmitsOnceAndReleasedQuickTapCompletesStartup(2)" fullname="Splatoon.Tests.CombatGirlsWeaponTests.HeldTriggerEmitsOnceAndReleasedQuickTapCompletesStartup(2)" methodname="HeldTriggerEmitsOnceAndReleasedQuickTapCompletesStartup" classname="Splatoon.Tests.CombatGirlsWeaponTests" runstate="Runnable" seed="1686491594" result="Passed" start-time="2026-09-13 14:16:09Z" end-time="2026-09-13 14:16:09Z" duration="0.004096" asserts="0">
                <properties />
              </test-case>
              <test-case id="1024" name="HeldTriggerEmitsOnceAndReleasedQuickTapCompletesStartup(3)" fullname="Splatoon.Tests.CombatGirlsWeaponTests.HeldTriggerEmitsOnceAndReleasedQuickTapCompletesStartup(3)" methodname="HeldTriggerEmitsOnceAndReleasedQuickTapCompletesStartup" classname="Splatoon.Tests.CombatGirlsWeaponTests" runstate="Runnable" seed="1680465677" result="Passed" start-time="2026-09-13 14:16:09Z" end-time="2026-09-13 14:16:09Z" duration="0.002833" asserts="0">
                <properties />
              </test-case>
              <test-case id="1025" name="HeldTriggerEmitsOnceAndReleasedQuickTapCompletesStartup(4)" fullname="Splatoon.Tests.CombatGirlsWeaponTests.HeldTriggerEmitsOnceAndReleasedQuickTapCompletesStartup(4)" methodname="HeldTriggerEmitsOnceAndReleasedQuickTapCompletesStartup" classname="Splatoon.Tests.CombatGirlsWeaponTests" runstate="Runnable" seed="58849153" result="Passed" start-time="2026-09-13 14:16:09Z" end-time="2026-09-13 14:16:09Z" duration="0.002393" asserts="0">
                <properties />
              </test-case>
            </test-suite>
            <test-case id="1036" name="NewProtocolAndHeroSchemaRejectInvalidGunAssemblies" fullname="Splatoon.Tests.CombatGirlsWeaponTests.NewProtocolAndHeroSchemaRejectInvalidGunAssemblies" methodname="NewProtocolAndHeroSchemaRejectInvalidGunAssemblies" classname="Splatoon.Tests.CombatGirlsWeaponTests" runstate="Runnable" seed="369858157" result="Passed" start-time="2026-09-13 14:16:09Z" end-time="2026-09-13 14:16:09Z" duration="0.012482" asserts="0">
              <properties />
            </test-case>
            <test-case id="1034" name="SemiHoldDoesNotRequestMovementLockAndRecoversAfterConfiguredDelay" fullname="Splatoon.Tests.CombatGirlsWeaponTests.SemiHoldDoesNotRequestMovementLockAndRecoversAfterConfiguredDelay" methodname="SemiHoldDoesNotRequestMovementLockAndRecoversAfterConfiguredDelay" classname="Splatoon.Tests.CombatGirlsWeaponTests" runstate="Runnable" seed="1348361995" result="Passed" start-time="2026-09-13 14:16:09Z" end-time="2026-09-13 14:16:09Z" duration="0.004682" asserts="0">
              <properties />
            </test-case>
            <test-case id="1035" name="ShotgunSpendsOnceForEightDistinctBoundedDeterministicPellets" fullname="Splatoon.Tests.CombatGirlsWeaponTests.ShotgunSpendsOnceForEightDistinctBoundedDeterministicPellets" methodname="ShotgunSpendsOnceForEightDistinctBoundedDeterministicPellets" classname="Splatoon.Tests.CombatGirlsWeaponTests" runstate="Runnable" seed="217957351" result="Passed" start-time="2026-09-13 14:16:09Z" end-time="2026-09-13 14:16:09Z" duration="0.009796" asserts="0">
              <properties />
            </test-case>
            <test-suite type="ParameterizedMethod" id="1030" name="SixFrameBufferAcceptsOneClickAndNeverBuildsAQueue" fullname="Splatoon.Tests.CombatGirlsWeaponTests.SixFrameBufferAcceptsOneClickAndNeverBuildsAQueue" classname="Splatoon.Tests.CombatGirlsWeaponTests" runstate="Runnable" testcasecount="3" result="Passed" start-time="2026-09-13 14:16:09Z" end-time="2026-09-13 14:16:09Z" duration="0.009503" total="3" passed="3" failed="0" inconclusive="0" skipped="0" asserts="0">
              <properties />
              <test-case id="1027" name="SixFrameBufferAcceptsOneClickAndNeverBuildsAQueue(2)" fullname="Splatoon.Tests.CombatGirlsWeaponTests.SixFrameBufferAcceptsOneClickAndNeverBuildsAQueue(2)" methodname="SixFrameBufferAcceptsOneClickAndNeverBuildsAQueue" classname="Splatoon.Tests.CombatGirlsWeaponTests" runstate="Runnable" seed="1054018073" result="Passed" start-time="2026-09-13 14:16:09Z" end-time="2026-09-13 14:16:09Z" duration="0.002820" asserts="0">
                <properties />
              </test-case>
              <test-case id="1028" name="SixFrameBufferAcceptsOneClickAndNeverBuildsAQueue(3)" fullname="Splatoon.Tests.CombatGirlsWeaponTests.SixFrameBufferAcceptsOneClickAndNeverBuildsAQueue(3)" methodname="SixFrameBufferAcceptsOneClickAndNeverBuildsAQueue" classname="Splatoon.Tests.CombatGirlsWeaponTests" runstate="Runnable" seed="137352841" result="Passed" start-time="2026-09-13 14:16:09Z" end-time="2026-09-13 14:16:09Z" duration="0.002497" asserts="0">
                <properties />
              </test-case>
              <test-case id="1029" name="SixFrameBufferAcceptsOneClickAndNeverBuildsAQueue(4)" fullname="Splatoon.Tests.CombatGirlsWeaponTests.SixFrameBufferAcceptsOneClickAndNeverBuildsAQueue(4)" methodname="SixFrameBufferAcceptsOneClickAndNeverBuildsAQueue" classname="Splatoon.Tests.CombatGirlsWeaponTests" runstate="Runnable" seed="889068286" result="Passed" start-time="2026-09-13 14:16:09Z" end-time="2026-09-13 14:16:09Z" duration="0.002614" asserts="0">
                <properties />
              </test-case>
            </test-suite>
          </test-suite>
          <test-suite type="TestFixture" id="1043" name="HeroMigrationTests" fullname="Splatoon.Tests.HeroMigrationTests" classname="Splatoon.Tests.HeroMigrationTests" runstate="Runnable" testcasecount="8" result="Passed" start-time="2026-09-13 14:16:09Z" end-time="2026-09-13 14:16:09Z" duration="0.200713" total="8" passed="8" failed="0" inconclusive="0" skipped="0" asserts="0">
            <properties />
            <test-case id="1050" name="AlternativeAddressesResolveAndAssembleTheirOwnModels" fullname="Splatoon.Tests.HeroMigrationTests.AlternativeAddressesResolveAndAssembleTheirOwnModels" methodname="AlternativeAddressesResolveAndAssembleTheirOwnModels" classname="Splatoon.Tests.HeroMigrationTests" runstate="Runnable" seed="1268994626" result="Passed" start-time="2026-09-13 14:16:09Z" end-time="2026-09-13 14:16:09Z" duration="0.098635" asserts="0">
              <properties />
            </test-case>
            <test-case id="1047" name="BinderReusesSharedModelsAndReplacesAlternativeModelsWithoutLeftovers" fullname="Splatoon.Tests.HeroMigrationTests.BinderReusesSharedModelsAndReplacesAlternativeModelsWithoutLeftovers" methodname="BinderReusesSharedModelsAndReplacesAlternativeModelsWithoutLeftovers" classname="Splatoon.Tests.HeroMigrationTests" runstate="Runnable" seed="1628983849" result="Passed" start-time="2026-09-13 14:16:09Z" end-time="2026-09-13 14:16:09Z" duration="0.030435" asserts="0">
              <properties />
            </test-case>
            <test-case id="1048" name="CatalogDeduplicatesAddressesAndRecoversAfterFailureAndCancellation" fullname="Splatoon.Tests.HeroMigrationTests.CatalogDeduplicatesAddressesAndRecoversAfterFailureAndCancellation" methodname="CatalogDeduplicatesAddressesAndRecoversAfterFailureAndCancellation" classname="Splatoon.Tests.HeroMigrationTests" runstate="Runnable" seed="617596098" result="Passed" start-time="2026-09-13 14:16:09Z" end-time="2026-09-13 14:16:09Z" duration="0.010197" asserts="0">
              <properties />
            </test-case>
            <test-case id="1046" name="HeroSwitchClampsResourcesWithoutResettingLifeOrPosition" fullname="Splatoon.Tests.HeroMigrationTests.HeroSwitchClampsResourcesWithoutResettingLifeOrPosition" methodname="HeroSwitchClampsResourcesWithoutResettingLifeOrPosition" classname="Splatoon.Tests.HeroMigrationTests" runstate="Runnable" seed="578155813" result="Passed" start-time="2026-09-13 14:16:09Z" end-time="2026-09-13 14:16:09Z" duration="0.006281" asserts="0">
              <properties />
            </test-case>
            <test-case id="1049" name="MissingWeaponBindingsAreRejectedBeforeAssembly" fullname="Splatoon.Tests.HeroMigrationTests.MissingWeaponBindingsAreRejectedBeforeAssembly" methodname="MissingWeaponBindingsAreRejectedBeforeAssembly" classname="Splatoon.Tests.HeroMigrationTests" runstate="Runnable" seed="1048971400" result="Passed" start-time="2026-09-13 14:16:09Z" end-time="2026-09-13 14:16:09Z" duration="0.003033" asserts="0">
              <properties />
            </test-case>
            <test-case id="1044" name="RetainedCharacterAndRifleChargerNumbersMatchPreMigrationRecords" fullname="Splatoon.Tests.HeroMigrationTests.RetainedCharacterAndRifleChargerNumbersMatchPreMigrationRecords" methodname="RetainedCharacterAndRifleChargerNumbersMatchPreMigrationRecords" classname="Splatoon.Tests.HeroMigrationTests" runstate="Runnable" seed="1858527299" result="Passed" start-time="2026-09-13 14:16:09Z" end-time="2026-09-13 14:16:09Z" duration="0.010408" asserts="0">
              <properties />
            </test-case>
            <test-case id="1045" name="SelectedHeroDrivesMovementRecoveryAndDisplay" fullname="Splatoon.Tests.HeroMigrationTests.SelectedHeroDrivesMovementRecoveryAndDisplay" methodname="SelectedHeroDrivesMovementRecoveryAndDisplay" classname="Splatoon.Tests.HeroMigrationTests" runstate="Runnable" seed="615378677" result="Passed" start-time="2026-09-13 14:16:09Z" end-time="2026-09-13 14:16:09Z" duration="0.016850" asserts="0">
              <properties />
            </test-case>
            <test-case id="1051" name="SignatureIncludesNonDefaultHeroPresentationAndIsIndependentOfEnumerationOrder" fullname="Splatoon.Tests.HeroMigrationTests.SignatureIncludesNonDefaultHeroPresentationAndIsIndependentOfEnumerationOrder" methodname="SignatureIncludesNonDefaultHeroPresentationAndIsIndependentOfEnumerationOrder" classname="Splatoon.Tests.HeroMigrationTests" runstate="Runnable" seed="1918512594" result="Passed" start-time="2026-09-13 14:16:09Z" end-time="2026-09-13 14:16:09Z" duration="0.018843" asserts="0">
              <properties />
            </test-case>
          </test-suite>
          <test-suite type="TestFixture" id="1052" name="HeroSelectionTests" fullname="Splatoon.Tests.HeroSelectionTests" classname="Splatoon.Tests.HeroSelectionTests" runstate="Runnable" testcasecount="31" result="Passed" start-time="2026-09-13 14:16:09Z" end-time="2026-09-13 14:16:10Z" duration="1.260328" total="31" passed="31" failed="0" inconclusive="0" skipped="0" asserts="0">
            <properties />
            <test-suite type="ParameterizedMethod" id="1090" name="ActualMuzzleAndProjectileReachEachPaintTargetAndRetainLaunchWeapon" fullname="Splatoon.Tests.HeroSelectionTests.ActualMuzzleAndProjectileReachEachPaintTargetAndRetainLaunchWeapon" classname="Splatoon.Tests.HeroSelectionTests" runstate="Runnable" testcasecount="3" result="Passed" start-time="2026-09-13 14:16:09Z" end-time="2026-09-13 14:16:09Z" duration="0.187924" total="3" passed="3" failed="0" inconclusive="0" skipped="0" asserts="0">
              <properties />
              <test-case id="1087" name="ActualMuzzleAndProjectileReachEachPaintTargetAndRetainLaunchWeapon(1,0,13.6f)" fullname="Splatoon.Tests.HeroSelectionTests.ActualMuzzleAndProjectileReachEachPaintTargetAndRetainLaunchWeapon(1,0,13.6f)" methodname="ActualMuzzleAndProjectileReachEachPaintTargetAndRetainLaunchWeapon" classname="Splatoon.Tests.HeroSelectionTests" runstate="Runnable" seed="2142323643" result="Passed" start-time="2026-09-13 14:16:09Z" end-time="2026-09-13 14:16:09Z" duration="0.073035" asserts="0">
                <properties />
                <output><![CDATA[[WEAPON-RANGE] id=1 charge=0 floor=14.227 target=13.6
]]></output>
              </test-case>
              <test-case id="1088" name="ActualMuzzleAndProjectileReachEachPaintTargetAndRetainLaunchWeapon(5,0,11.2f)" fullname="Splatoon.Tests.HeroSelectionTests.ActualMuzzleAndProjectileReachEachPaintTargetAndRetainLaunchWeapon(5,0,11.2f)" methodname="ActualMuzzleAndProjectileReachEachPaintTargetAndRetainLaunchWeapon" classname="Splatoon.Tests.HeroSelectionTests" runstate="Runnable" seed="965139777" result="Passed" start-time="2026-09-13 14:16:09Z" end-time="2026-09-13 14:16:09Z" duration="0.055702" asserts="0">
                <properties />
                <output><![CDATA[[WEAPON-RANGE] id=5 charge=0 floor=11.607 target=11.2
]]></output>
              </test-case>
              <test-case id="1089" name="ActualMuzzleAndProjectileReachEachPaintTargetAndRetainLaunchWeapon(5,1,20.4f)" fullname="Splatoon.Tests.HeroSelectionTests.ActualMuzzleAndProjectileReachEachPaintTargetAndRetainLaunchWeapon(5,1,20.4f)" methodname="ActualMuzzleAndProjectileReachEachPaintTargetAndRetainLaunchWeapon" classname="Splatoon.Tests.HeroSelectionTests" runstate="Runnable" seed="1820284561" result="Passed" start-time="2026-09-13 14:16:09Z" end-time="2026-09-13 14:16:09Z" duration="0.056325" asserts="0">
                <properties />
                <output><![CDATA[[WEAPON-RANGE] id=5 charge=1 floor=20.807 target=20.4
]]></output>
              </test-case>
            </test-suite>
            <test-suite type="ParameterizedMethod" id="1056" name="AutomaticWeaponsHaveTheirOwnCadenceAndInkBoundary" fullname="Splatoon.Tests.HeroSelectionTests.AutomaticWeaponsHaveTheirOwnCadenceAndInkBoundary" classname="Splatoon.Tests.HeroSelectionTests" runstate="Runnable" testcasecount="3" result="Passed" start-time="2026-09-13 14:16:09Z" end-time="2026-09-13 14:16:10Z" duration="0.122091" total="3" passed="3" failed="0" inconclusive="0" skipped="0" asserts="0">
              <properties />
              <test-case id="1053" name="AutomaticWeaponsHaveTheirOwnCadenceAndInkBoundary(1,6,108)" fullname="Splatoon.Tests.HeroSelectionTests.AutomaticWeaponsHaveTheirOwnCadenceAndInkBoundary(1,6,108)" methodname="AutomaticWeaponsHaveTheirOwnCadenceAndInkBoundary" classname="Splatoon.Tests.HeroSelectionTests" runstate="Runnable" seed="1902812988" result="Passed" start-time="2026-09-13 14:16:09Z" end-time="2026-09-13 14:16:09Z" duration="0.035809" asserts="0">
                <properties />
              </test-case>
              <test-case id="1054" name="AutomaticWeaponsHaveTheirOwnCadenceAndInkBoundary(2,4,200)" fullname="Splatoon.Tests.HeroSelectionTests.AutomaticWeaponsHaveTheirOwnCadenceAndInkBoundary(2,4,200)" methodname="AutomaticWeaponsHaveTheirOwnCadenceAndInkBoundary" classname="Splatoon.Tests.HeroSelectionTests" runstate="Runnable" seed="1109274288" result="Passed" start-time="2026-09-13 14:16:09Z" end-time="2026-09-13 14:16:09Z" duration="0.039450" asserts="0">
                <properties />
              </test-case>
              <test-case id="1055" name="AutomaticWeaponsHaveTheirOwnCadenceAndInkBoundary(3,9,66)" fullname="Splatoon.Tests.HeroSelectionTests.AutomaticWeaponsHaveTheirOwnCadenceAndInkBoundary(3,9,66)" methodname="AutomaticWeaponsHaveTheirOwnCadenceAndInkBoundary" classname="Splatoon.Tests.HeroSelectionTests" runstate="Runnable" seed="67312342" result="Passed" start-time="2026-09-13 14:16:09Z" end-time="2026-09-13 14:16:10Z" duration="0.033669" asserts="0">
                <properties />
              </test-case>
            </test-suite>
            <test-case id="1059" name="BurstReleaseFinishesGroupButCancelOrEmptyStopsIt" fullname="Splatoon.Tests.HeroSelectionTests.BurstReleaseFinishesGroupButCancelOrEmptyStopsIt" methodname="BurstReleaseFinishesGroupButCancelOrEmptyStopsIt" classname="Splatoon.Tests.HeroSelectionTests" runstate="Runnable" seed="871219699" result="Passed" start-time="2026-09-13 14:16:10Z" end-time="2026-09-13 14:16:10Z" duration="0.032693" asserts="0">
              <properties />
            </test-case>
            <test-case id="1075" name="CancellingShotFeedbackCannotReviveOldFireLoop" fullname="Splatoon.Tests.HeroSelectionTests.CancellingShotFeedbackCannotReviveOldFireLoop" methodname="CancellingShotFeedbackCannotReviveOldFireLoop" classname="Splatoon.Tests.HeroSelectionTests" runstate="Runnable" seed="284676375" result="Passed" start-time="2026-09-13 14:16:10Z" end-time="2026-09-13 14:16:10Z" duration="0.028615" asserts="0">
              <properties />
            </test-case>
            <test-suite type="ParameterizedMethod" id="1067" name="ChargeCannotExceedAffordablePower" fullname="Splatoon.Tests.HeroSelectionTests.ChargeCannotExceedAffordablePower" classname="Splatoon.Tests.HeroSelectionTests" runstate="Runnable" testcasecount="2" result="Passed" start-time="2026-09-13 14:16:10Z" end-time="2026-09-13 14:16:10Z" duration="0.059298" total="2" passed="2" failed="0" inconclusive="0" skipped="0" asserts="0">
              <properties />
              <test-case id="1065" name="ChargeCannotExceedAffordablePower(5,30)" fullname="Splatoon.Tests.HeroSelectionTests.ChargeCannotExceedAffordablePower(5,30)" methodname="ChargeCannotExceedAffordablePower" classname="Splatoon.Tests.HeroSelectionTests" runstate="Runnable" seed="1026161200" result="Passed" start-time="2026-09-13 14:16:10Z" end-time="2026-09-13 14:16:10Z" duration="0.028897" asserts="0">
                <properties />
              </test-case>
              <test-case id="1066" name="ChargeCannotExceedAffordablePower(2,0)" fullname="Splatoon.Tests.HeroSelectionTests.ChargeCannotExceedAffordablePower(2,0)" methodname="ChargeCannotExceedAffordablePower" classname="Splatoon.Tests.HeroSelectionTests" runstate="Runnable" seed="1274118689" result="Passed" start-time="2026-09-13 14:16:10Z" end-time="2026-09-13 14:16:10Z" duration="0.027988" asserts="0">
                <properties />
              </test-case>
            </test-suite>
            <test-suite type="ParameterizedMethod" id="1063" name="ChargeReleasesOnceWithResolvedDamageInkAndRange" fullname="Splatoon.Tests.HeroSelectionTests.ChargeReleasesOnceWithResolvedDamageInkAndRange" classname="Splatoon.Tests.HeroSelectionTests" runstate="Runnable" testcasecount="3" result="Passed" start-time="2026-09-13 14:16:10Z" end-time="2026-09-13 14:16:10Z" duration="0.115036" total="3" passed="3" failed="0" inconclusive="0" skipped="0" asserts="0">
              <properties />
              <test-case id="1060" name="ChargeReleasesOnceWithResolvedDamageInkAndRange(2,0,40,2)" fullname="Splatoon.Tests.HeroSelectionTests.ChargeReleasesOnceWithResolvedDamageInkAndRange(2,0,40,2)" methodname="ChargeReleasesOnceWithResolvedDamageInkAndRange" classname="Splatoon.Tests.HeroSelectionTests" runstate="Runnable" seed="953832703" result="Passed" start-time="2026-09-13 14:16:10Z" end-time="2026-09-13 14:16:10Z" duration="0.028958" asserts="0">
                <properties />
              </test-case>
              <test-case id="1061" name="ChargeReleasesOnceWithResolvedDamageInkAndRange(32,0.5f,60,5)" fullname="Splatoon.Tests.HeroSelectionTests.ChargeReleasesOnceWithResolvedDamageInkAndRange(32,0.5f,60,5)" methodname="ChargeReleasesOnceWithResolvedDamageInkAndRange" classname="Splatoon.Tests.HeroSelectionTests" runstate="Runnable" seed="1943439662" result="Passed" start-time="2026-09-13 14:16:10Z" end-time="2026-09-13 14:16:10Z" duration="0.034992" asserts="0">
                <properties />
              </test-case>
              <test-case id="1062" name="ChargeReleasesOnceWithResolvedDamageInkAndRange(62,1,160,8)" fullname="Splatoon.Tests.HeroSelectionTests.ChargeReleasesOnceWithResolvedDamageInkAndRange(62,1,160,8)" methodname="ChargeReleasesOnceWithResolvedDamageInkAndRange" classname="Splatoon.Tests.HeroSelectionTests" runstate="Runnable" seed="1571047757" result="Passed" start-time="2026-09-13 14:16:10Z" end-time="2026-09-13 14:16:10Z" duration="0.036130" asserts="0">
                <properties />
              </test-case>
            </test-suite>
            <test-case id="1064" name="ChargeWaitsAtFullAndRejectsCooldownClicks" fullname="Splatoon.Tests.HeroSelectionTests.ChargeWaitsAtFullAndRejectsCooldownClicks" methodname="ChargeWaitsAtFullAndRejectsCooldownClicks" classname="Splatoon.Tests.HeroSelectionTests" runstate="Runnable" seed="576737457" result="Passed" start-time="2026-09-13 14:16:10Z" end-time="2026-09-13 14:16:10Z" duration="0.035127" asserts="0">
              <properties />
            </test-case>
            <test-case id="1058" name="ContinuousFireDoesNotRestartUpperBodyLoopEveryShot" fullname="Splatoon.Tests.HeroSelectionTests.ContinuousFireDoesNotRestartUpperBodyLoopEveryShot" methodname="ContinuousFireDoesNotRestartUpperBodyLoopEveryShot" classname="Splatoon.Tests.HeroSelectionTests" runstate="Runnable" seed="1484888714" result="Passed" start-time="2026-09-13 14:16:10Z" end-time="2026-09-13 14:16:10Z" duration="0.035006" asserts="0">
              <properties />
            </test-case>
            <test-suite type="ParameterizedMethod" id="1073" name="EachRegularGunUsesItsConfiguredDamageFalloff" fullname="Splatoon.Tests.HeroSelectionTests.EachRegularGunUsesItsConfiguredDamageFalloff" classname="Splatoon.Tests.HeroSelectionTests" runstate="Runnable" testcasecount="4" result="Passed" start-time="2026-09-13 14:16:10Z" end-time="2026-09-13 14:16:10Z" duration="0.164101" total="4" passed="4" failed="0" inconclusive="0" skipped="0" asserts="0">
              <properties />
              <test-case id="1069" name="EachRegularGunUsesItsConfiguredDamageFalloff(1,36,18)" fullname="Splatoon.Tests.HeroSelectionTests.EachRegularGunUsesItsConfiguredDamageFalloff(1,36,18)" methodname="EachRegularGunUsesItsConfiguredDamageFalloff" classname="Splatoon.Tests.HeroSelectionTests" runstate="Runnable" seed="88411548" result="Passed" start-time="2026-09-13 14:16:10Z" end-time="2026-09-13 14:16:10Z" duration="0.034214" asserts="0">
                <properties />
              </test-case>
              <test-case id="1070" name="EachRegularGunUsesItsConfiguredDamageFalloff(2,32,16)" fullname="Splatoon.Tests.HeroSelectionTests.EachRegularGunUsesItsConfiguredDamageFalloff(2,32,16)" methodname="EachRegularGunUsesItsConfiguredDamageFalloff" classname="Splatoon.Tests.HeroSelectionTests" runstate="Runnable" seed="672286545" result="Passed" start-time="2026-09-13 14:16:10Z" end-time="2026-09-13 14:16:10Z" duration="0.033020" asserts="0">
                <properties />
              </test-case>
              <test-case id="1071" name="EachRegularGunUsesItsConfiguredDamageFalloff(3,10,4)" fullname="Splatoon.Tests.HeroSelectionTests.EachRegularGunUsesItsConfiguredDamageFalloff(3,10,4)" methodname="EachRegularGunUsesItsConfiguredDamageFalloff" classname="Splatoon.Tests.HeroSelectionTests" runstate="Runnable" seed="416346057" result="Passed" start-time="2026-09-13 14:16:10Z" end-time="2026-09-13 14:16:10Z" duration="0.035891" asserts="0">
                <properties />
              </test-case>
              <test-case id="1072" name="EachRegularGunUsesItsConfiguredDamageFalloff(4,52,26)" fullname="Splatoon.Tests.HeroSelectionTests.EachRegularGunUsesItsConfiguredDamageFalloff(4,52,26)" methodname="EachRegularGunUsesItsConfiguredDamageFalloff" classname="Splatoon.Tests.HeroSelectionTests" runstate="Runnable" seed="1131159630" result="Passed" start-time="2026-09-13 14:16:10Z" end-time="2026-09-13 14:16:10Z" duration="0.047823" asserts="0">
                <properties />
              </test-case>
            </test-suite>
            <test-case id="1057" name="HeldBurstUsesFourFrameIntervalsAndSixteenFrameRecovery" fullname="Splatoon.Tests.HeroSelectionTests.HeldBurstUsesFourFrameIntervalsAndSixteenFrameRecovery" methodname="HeldBurstUsesFourFrameIntervalsAndSixteenFrameRecovery" classname="Splatoon.Tests.HeroSelectionTests" runstate="Runnable" seed="916709291" result="Passed" start-time="2026-09-13 14:16:10Z" end-time="2026-09-13 14:16:10Z" duration="0.047272" asserts="0">
              <properties />
            </test-case>
            <test-case id="1074" name="HeldChargeDoesNotRecoverInkAndCannotStartBelowMinimum" fullname="Splatoon.Tests.HeroSelectionTests.HeldChargeDoesNotRecoverInkAndCannotStartBelowMinimum" methodname="HeldChargeDoesNotRecoverInkAndCannotStartBelowMinimum" classname="Splatoon.Tests.HeroSelectionTests" runstate="Runnable" seed="1888784799" result="Passed" start-time="2026-09-13 14:16:10Z" end-time="2026-09-13 14:16:10Z" duration="0.033803" asserts="0">
              <properties />
            </test-case>
            <test-suite type="ParameterizedMethod" id="1084" name="ServerChecksPhaseAndBuildNotJustButtonVisibility" fullname="Splatoon.Tests.HeroSelectionTests.ServerChecksPhaseAndBuildNotJustButtonVisibility" classname="Splatoon.Tests.HeroSelectionTests" runstate="Runnable" testcasecount="5" result="Passed" start-time="2026-09-13 14:16:10Z" end-time="2026-09-13 14:16:10Z" duration="0.190658" total="5" passed="5" failed="0" inconclusive="0" skipped="0" asserts="0">
              <properties />
              <test-case id="1079" name="ServerChecksPhaseAndBuildNotJustButtonVisibility(Practice,Warmup,False,True)" fullname="Splatoon.Tests.HeroSelectionTests.ServerChecksPhaseAndBuildNotJustButtonVisibility(Practice,Warmup,False,True)" methodname="ServerChecksPhaseAndBuildNotJustButtonVisibility" classname="Splatoon.Tests.HeroSelectionTests" runstate="Runnable" seed="1767065764" result="Passed" start-time="2026-09-13 14:16:10Z" end-time="2026-09-13 14:16:10Z" duration="0.034820" asserts="0">
                <properties />
              </test-case>
              <test-case id="1080" name="ServerChecksPhaseAndBuildNotJustButtonVisibility(Playing,Warmup,True,False)" fullname="Splatoon.Tests.HeroSelectionTests.ServerChecksPhaseAndBuildNotJustButtonVisibility(Playing,Warmup,True,False)" methodname="ServerChecksPhaseAndBuildNotJustButtonVisibility" classname="Splatoon.Tests.HeroSelectionTests" runstate="Runnable" seed="1777841110" result="Passed" start-time="2026-09-13 14:16:10Z" end-time="2026-09-13 14:16:10Z" duration="0.035539" asserts="0">
                <properties />
              </test-case>
              <test-case id="1081" name="ServerChecksPhaseAndBuildNotJustButtonVisibility(Playing,Debug,True,True)" fullname="Splatoon.Tests.HeroSelectionTests.ServerChecksPhaseAndBuildNotJustButtonVisibility(Playing,Debug,True,True)" methodname="ServerChecksPhaseAndBuildNotJustButtonVisibility" classname="Splatoon.Tests.HeroSelectionTests" runstate="Runnable" seed="1591862184" result="Passed" start-time="2026-09-13 14:16:10Z" end-time="2026-09-13 14:16:10Z" duration="0.035263" asserts="0">
                <properties />
              </test-case>
              <test-case id="1082" name="ServerChecksPhaseAndBuildNotJustButtonVisibility(Playing,Debug,False,False)" fullname="Splatoon.Tests.HeroSelectionTests.ServerChecksPhaseAndBuildNotJustButtonVisibility(Playing,Debug,False,False)" methodname="ServerChecksPhaseAndBuildNotJustButtonVisibility" classname="Splatoon.Tests.HeroSelectionTests" runstate="Runnable" seed="1057206731" result="Passed" start-time="2026-09-13 14:16:10Z" end-time="2026-09-13 14:16:10Z" duration="0.033883" asserts="0">
                <properties />
              </test-case>
              <test-case id="1083" name="ServerChecksPhaseAndBuildNotJustButtonVisibility(Finished,Debug,True,False)" fullname="Splatoon.Tests.HeroSelectionTests.ServerChecksPhaseAndBuildNotJustButtonVisibility(Finished,Debug,True,False)" methodname="ServerChecksPhaseAndBuildNotJustButtonVisibility" classname="Splatoon.Tests.HeroSelectionTests" runstate="Runnable" seed="1534668478" result="Passed" start-time="2026-09-13 14:16:10Z" end-time="2026-09-13 14:16:10Z" duration="0.035575" asserts="0">
                <properties />
              </test-case>
            </test-suite>
            <test-case id="1086" name="StaleRoundLifeDeadAndInvalidWeaponAreRejected" fullname="Splatoon.Tests.HeroSelectionTests.StaleRoundLifeDeadAndInvalidWeaponAreRejected" methodname="StaleRoundLifeDeadAndInvalidWeaponAreRejected" classname="Splatoon.Tests.HeroSelectionTests" runstate="Runnable" seed="598986013" result="Passed" start-time="2026-09-13 14:16:10Z" end-time="2026-09-13 14:16:10Z" duration="0.036930" asserts="0">
              <properties />
            </test-case>
            <test-suite type="ParameterizedMethod" id="1078" name="SwitchingMidAttackRequiresReleaseAndNewStartup" fullname="Splatoon.Tests.HeroSelectionTests.SwitchingMidAttackRequiresReleaseAndNewStartup" classname="Splatoon.Tests.HeroSelectionTests" runstate="Runnable" testcasecount="2" result="Passed" start-time="2026-09-13 14:16:10Z" end-time="2026-09-13 14:16:10Z" duration="0.080855" total="2" passed="2" failed="0" inconclusive="0" skipped="0" asserts="0">
              <properties />
              <test-case id="1076" name="SwitchingMidAttackRequiresReleaseAndNewStartup(4)" fullname="Splatoon.Tests.HeroSelectionTests.SwitchingMidAttackRequiresReleaseAndNewStartup(4)" methodname="SwitchingMidAttackRequiresReleaseAndNewStartup" classname="Splatoon.Tests.HeroSelectionTests" runstate="Runnable" seed="2129722509" result="Passed" start-time="2026-09-13 14:16:10Z" end-time="2026-09-13 14:16:10Z" duration="0.036982" asserts="0">
                <properties />
              </test-case>
              <test-case id="1077" name="SwitchingMidAttackRequiresReleaseAndNewStartup(5)" fullname="Splatoon.Tests.HeroSelectionTests.SwitchingMidAttackRequiresReleaseAndNewStartup(5)" methodname="SwitchingMidAttackRequiresReleaseAndNewStartup" classname="Splatoon.Tests.HeroSelectionTests" runstate="Runnable" seed="1428609844" result="Passed" start-time="2026-09-13 14:16:10Z" end-time="2026-09-13 14:16:10Z" duration="0.034711" asserts="0">
                <properties />
              </test-case>
            </test-suite>
            <test-case id="1085" name="SwitchPreservesLifeMovementProtectionAndLocksWithPhaseSpecificInk" fullname="Splatoon.Tests.HeroSelectionTests.SwitchPreservesLifeMovementProtectionAndLocksWithPhaseSpecificInk" methodname="SwitchPreservesLifeMovementProtectionAndLocksWithPhaseSpecificInk" classname="Splatoon.Tests.HeroSelectionTests" runstate="Runnable" seed="15040137" result="Passed" start-time="2026-09-13 14:16:10Z" end-time="2026-09-13 14:16:10Z" duration="0.035089" asserts="0">
              <properties />
            </test-case>
            <test-case id="1068" name="UiCancellationDoesNotDischargeOrSpendAndRequiresRelease" fullname="Splatoon.Tests.HeroSelectionTests.UiCancellationDoesNotDischargeOrSpendAndRequiresRelease" methodname="UiCancellationDoesNotDischargeOrSpendAndRequiresRelease" classname="Splatoon.Tests.HeroSelectionTests" runstate="Runnable" seed="1082148370" result="Passed" start-time="2026-09-13 14:16:10Z" end-time="2026-09-13 14:16:10Z" duration="0.035585" asserts="0">
              <properties />
            </test-case>
          </test-suite>
          <test-suite type="TestFixture" id="1149" name="ShooterMovementTests" fullname="Splatoon.Tests.ShooterMovementTests" classname="Splatoon.Tests.ShooterMovementTests" runstate="Runnable" testcasecount="28" result="Passed" start-time="2026-09-13 14:16:10Z" end-time="2026-09-13 14:16:15Z" duration="4.177219" total="28" passed="28" failed="0" inconclusive="0" skipped="0" asserts="0">
            <properties />
            <test-case id="1179" name="ContentSignatureIncludesCameraMuzzleColliderAndTurnCurve" fullname="Splatoon.Tests.ShooterMovementTests.ContentSignatureIncludesCameraMuzzleColliderAndTurnCurve" methodname="ContentSignatureIncludesCameraMuzzleColliderAndTurnCurve" classname="Splatoon.Tests.ShooterMovementTests" runstate="Runnable" seed="1828353823" result="Passed" start-time="2026-09-13 14:16:11Z" end-time="2026-09-13 14:16:11Z" duration="0.046475" asserts="0">
              <properties />
            </test-case>
            <test-case id="1181" name="CoplanarSeamCanBeCrossedButEnemyNeighbourHasNoGrace" fullname="Splatoon.Tests.ShooterMovementTests.CoplanarSeamCanBeCrossedButEnemyNeighbourHasNoGrace" methodname="CoplanarSeamCanBeCrossedButEnemyNeighbourHasNoGrace" classname="Splatoon.Tests.ShooterMovementTests" runstate="Runnable" seed="1157259156" result="Passed" start-time="2026-09-13 14:16:11Z" end-time="2026-09-13 14:16:11Z" duration="0.548052" asserts="0">
              <properties />
            </test-case>
            <test-case id="1155" name="DamageHasExactAgeBoundariesAndThreeShotCloseKill" fullname="Splatoon.Tests.ShooterMovementTests.DamageHasExactAgeBoundariesAndThreeShotCloseKill" methodname="DamageHasExactAgeBoundariesAndThreeShotCloseKill" classname="Splatoon.Tests.ShooterMovementTests" runstate="Runnable" seed="2043258350" result="Passed" start-time="2026-09-13 14:16:11Z" end-time="2026-09-13 14:16:11Z" duration="0.031660" asserts="0">
              <properties />
            </test-case>
            <test-suite type="ParameterizedMethod" id="1160" name="EnemyInkIsNonlethalAndNeverHeals" fullname="Splatoon.Tests.ShooterMovementTests.EnemyInkIsNonlethalAndNeverHeals" classname="Splatoon.Tests.ShooterMovementTests" runstate="Runnable" testcasecount="3" result="Passed" start-time="2026-09-13 14:16:11Z" end-time="2026-09-13 14:16:11Z" duration="0.096453" total="3" passed="3" failed="0" inconclusive="0" skipped="0" asserts="0">
              <properties />
              <test-case id="1157" name="EnemyInkIsNonlethalAndNeverHeals(100,60)" fullname="Splatoon.Tests.ShooterMovementTests.EnemyInkIsNonlethalAndNeverHeals(100,60)" methodname="EnemyInkIsNonlethalAndNeverHeals" classname="Splatoon.Tests.ShooterMovementTests" runstate="Runnable" seed="1946358605" result="Passed" start-time="2026-09-13 14:16:11Z" end-time="2026-09-13 14:16:11Z" duration="0.029910" asserts="0">
                <properties />
              </test-case>
              <test-case id="1158" name="EnemyInkIsNonlethalAndNeverHeals(59,59)" fullname="Splatoon.Tests.ShooterMovementTests.EnemyInkIsNonlethalAndNeverHeals(59,59)" methodname="EnemyInkIsNonlethalAndNeverHeals" classname="Splatoon.Tests.ShooterMovementTests" runstate="Runnable" seed="1349045579" result="Passed" start-time="2026-09-13 14:16:11Z" end-time="2026-09-13 14:16:11Z" duration="0.031325" asserts="0">
                <properties />
              </test-case>
              <test-case id="1159" name="EnemyInkIsNonlethalAndNeverHeals(20,20)" fullname="Splatoon.Tests.ShooterMovementTests.EnemyInkIsNonlethalAndNeverHeals(20,20)" methodname="EnemyInkIsNonlethalAndNeverHeals" classname="Splatoon.Tests.ShooterMovementTests" runstate="Runnable" seed="1151475432" result="Passed" start-time="2026-09-13 14:16:11Z" end-time="2026-09-13 14:16:11Z" duration="0.029790" asserts="0">
                <properties />
              </test-case>
            </test-suite>
            <test-case id="1154" name="FullTankFires108AndNeverGoesNegative" fullname="Splatoon.Tests.ShooterMovementTests.FullTankFires108AndNeverGoesNegative" methodname="FullTankFires108AndNeverGoesNegative" classname="Splatoon.Tests.ShooterMovementTests" runstate="Runnable" seed="1179874987" result="Passed" start-time="2026-09-13 14:16:11Z" end-time="2026-09-13 14:16:11Z" duration="0.028988" asserts="0">
              <properties />
            </test-case>
            <test-case id="1161" name="HealthRecoveryWaitsAfterDamageAndEnemyInk" fullname="Splatoon.Tests.ShooterMovementTests.HealthRecoveryWaitsAfterDamageAndEnemyInk" methodname="HealthRecoveryWaitsAfterDamageAndEnemyInk" classname="Splatoon.Tests.ShooterMovementTests" runstate="Runnable" seed="1890620378" result="Passed" start-time="2026-09-13 14:16:11Z" end-time="2026-09-13 14:16:11Z" duration="0.027585" asserts="0">
              <properties />
            </test-case>
            <test-case id="1166" name="HorizontalBallisticsReachCalibratedPaintDistance" fullname="Splatoon.Tests.ShooterMovementTests.HorizontalBallisticsReachCalibratedPaintDistance" methodname="HorizontalBallisticsReachCalibratedPaintDistance" classname="Splatoon.Tests.ShooterMovementTests" runstate="Runnable" seed="799706698" result="Passed" start-time="2026-09-13 14:16:11Z" end-time="2026-09-13 14:16:11Z" duration="0.028137" asserts="0">
              <properties />
            </test-case>
            <test-case id="1173" name="OnlyLocomotionUsesSpeedParameter" fullname="Splatoon.Tests.ShooterMovementTests.OnlyLocomotionUsesSpeedParameter" methodname="OnlyLocomotionUsesSpeedParameter" classname="Splatoon.Tests.ShooterMovementTests" runstate="Runnable" seed="1901610048" result="Passed" start-time="2026-09-13 14:16:11Z" end-time="2026-09-13 14:16:11Z" duration="0.029259" asserts="0">
              <properties />
            </test-case>
            <test-case id="1172" name="OwnerAndAuthorityMotorReplayMatchWithoutLifecycleReset" fullname="Splatoon.Tests.ShooterMovementTests.OwnerAndAuthorityMotorReplayMatchWithoutLifecycleReset" methodname="OwnerAndAuthorityMotorReplayMatchWithoutLifecycleReset" classname="Splatoon.Tests.ShooterMovementTests" runstate="Runnable" seed="832539770" result="Passed" start-time="2026-09-13 14:16:11Z" end-time="2026-09-13 14:16:12Z" duration="0.379924" asserts="0">
              <properties />
            </test-case>
            <test-case id="1175" name="PredictionSnapshotSerializesEverySimulationField" fullname="Splatoon.Tests.ShooterMovementTests.PredictionSnapshotSerializesEverySimulationField" methodname="PredictionSnapshotSerializesEverySimulationField" classname="Splatoon.Tests.ShooterMovementTests" runstate="Runnable" seed="316271847" result="Passed" start-time="2026-09-13 14:16:12Z" end-time="2026-09-13 14:16:12Z" duration="0.035696" asserts="0">
              <properties />
            </test-case>
            <test-case id="1177" name="PressEdgeDuringHeldBurstDoesNotFireAnExtraShotAfterRelease" fullname="Splatoon.Tests.ShooterMovementTests.PressEdgeDuringHeldBurstDoesNotFireAnExtraShotAfterRelease" methodname="PressEdgeDuringHeldBurstDoesNotFireAnExtraShotAfterRelease" classname="Splatoon.Tests.ShooterMovementTests" runstate="Runnable" seed="1590450934" result="Passed" start-time="2026-09-13 14:16:12Z" end-time="2026-09-13 14:16:12Z" duration="0.032017" asserts="0">
              <properties />
            </test-case>
            <test-suite type="ParameterizedMethod" id="1170" name="ReleasedSniperCanImmediatelySwimAndReplayOnFriendlyInk" fullname="Splatoon.Tests.ShooterMovementTests.ReleasedSniperCanImmediatelySwimAndReplayOnFriendlyInk" classname="Splatoon.Tests.ShooterMovementTests" runstate="Runnable" testcasecount="3" result="Passed" start-time="2026-09-13 14:16:12Z" end-time="2026-09-13 14:16:13Z" duration="1.265545" total="3" passed="3" failed="0" inconclusive="0" skipped="0" asserts="0">
              <properties />
              <test-case id="1167" name="ReleasedSniperCanImmediatelySwimAndReplayOnFriendlyInk(2)" fullname="Splatoon.Tests.ShooterMovementTests.ReleasedSniperCanImmediatelySwimAndReplayOnFriendlyInk(2)" methodname="ReleasedSniperCanImmediatelySwimAndReplayOnFriendlyInk" classname="Splatoon.Tests.ShooterMovementTests" runstate="Runnable" seed="1179264916" result="Passed" start-time="2026-09-13 14:16:12Z" end-time="2026-09-13 14:16:12Z" duration="0.418503" asserts="0">
                <properties />
              </test-case>
              <test-case id="1168" name="ReleasedSniperCanImmediatelySwimAndReplayOnFriendlyInk(32)" fullname="Splatoon.Tests.ShooterMovementTests.ReleasedSniperCanImmediatelySwimAndReplayOnFriendlyInk(32)" methodname="ReleasedSniperCanImmediatelySwimAndReplayOnFriendlyInk" classname="Splatoon.Tests.ShooterMovementTests" runstate="Runnable" seed="915741232" result="Passed" start-time="2026-09-13 14:16:12Z" end-time="2026-09-13 14:16:13Z" duration="0.414077" asserts="0">
                <properties />
              </test-case>
              <test-case id="1169" name="ReleasedSniperCanImmediatelySwimAndReplayOnFriendlyInk(62)" fullname="Splatoon.Tests.ShooterMovementTests.ReleasedSniperCanImmediatelySwimAndReplayOnFriendlyInk(62)" methodname="ReleasedSniperCanImmediatelySwimAndReplayOnFriendlyInk" classname="Splatoon.Tests.ShooterMovementTests" runstate="Runnable" seed="921623879" result="Passed" start-time="2026-09-13 14:16:13Z" end-time="2026-09-13 14:16:13Z" duration="0.427960" asserts="0">
                <properties />
              </test-case>
            </test-suite>
            <test-suite type="ParameterizedMethod" id="1165" name="RenderRatesDoNotChangeFixedSimulationResults" fullname="Splatoon.Tests.ShooterMovementTests.RenderRatesDoNotChangeFixedSimulationResults" classname="Splatoon.Tests.ShooterMovementTests" runstate="Runnable" testcasecount="3" result="Passed" start-time="2026-09-13 14:16:13Z" end-time="2026-09-13 14:16:13Z" duration="0.095032" total="3" passed="3" failed="0" inconclusive="0" skipped="0" asserts="0">
              <properties />
              <test-case id="1162" name="RenderRatesDoNotChangeFixedSimulationResults(30)" fullname="Splatoon.Tests.ShooterMovementTests.RenderRatesDoNotChangeFixedSimulationResults(30)" methodname="RenderRatesDoNotChangeFixedSimulationResults" classname="Splatoon.Tests.ShooterMovementTests" runstate="Runnable" seed="1154588383" result="Passed" start-time="2026-09-13 14:16:13Z" end-time="2026-09-13 14:16:13Z" duration="0.029484" asserts="0">
                <properties />
              </test-case>
              <test-case id="1163" name="RenderRatesDoNotChangeFixedSimulationResults(60)" fullname="Splatoon.Tests.ShooterMovementTests.RenderRatesDoNotChangeFixedSimulationResults(60)" methodname="RenderRatesDoNotChangeFixedSimulationResults" classname="Splatoon.Tests.ShooterMovementTests" runstate="Runnable" seed="865757545" result="Passed" start-time="2026-09-13 14:16:13Z" end-time="2026-09-13 14:16:13Z" duration="0.029850" asserts="0">
                <properties />
              </test-case>
              <test-case id="1164" name="RenderRatesDoNotChangeFixedSimulationResults(144)" fullname="Splatoon.Tests.ShooterMovementTests.RenderRatesDoNotChangeFixedSimulationResults(144)" methodname="RenderRatesDoNotChangeFixedSimulationResults" classname="Splatoon.Tests.ShooterMovementTests" runstate="Runnable" seed="2100813865" result="Passed" start-time="2026-09-13 14:16:13Z" end-time="2026-09-13 14:16:13Z" duration="0.030440" asserts="0">
                <properties />
              </test-case>
            </test-suite>
            <test-case id="1178" name="ReplayKeepsShotActionButCancelledBurstCannotSuppressANewBurst" fullname="Splatoon.Tests.ShooterMovementTests.ReplayKeepsShotActionButCancelledBurstCannotSuppressANewBurst" methodname="ReplayKeepsShotActionButCancelledBurstCannotSuppressANewBurst" classname="Splatoon.Tests.ShooterMovementTests" runstate="Runnable" seed="899714971" result="Passed" start-time="2026-09-13 14:16:13Z" end-time="2026-09-13 14:16:13Z" duration="0.039378" asserts="0">
              <properties />
            </test-case>
            <test-case id="1176" name="RifleGirlLogicalMuzzleProjectileHitsFloorWithinPaintRangeTarget" fullname="Splatoon.Tests.ShooterMovementTests.RifleGirlLogicalMuzzleProjectileHitsFloorWithinPaintRangeTarget" methodname="RifleGirlLogicalMuzzleProjectileHitsFloorWithinPaintRangeTarget" classname="Splatoon.Tests.ShooterMovementTests" runstate="Runnable" seed="106101757" result="Passed" start-time="2026-09-13 14:16:13Z" end-time="2026-09-13 14:16:13Z" duration="0.061116" asserts="0">
              <properties />
              <output><![CDATA[[SHOOTER-RANGE] RifleGirl horizontal center shot floor=14.227m target=13.6m
]]></output>
            </test-case>
            <test-case id="1153" name="ShortTapCompletesStartupAndCannotBypassCooldown" fullname="Splatoon.Tests.ShooterMovementTests.ShortTapCompletesStartupAndCannotBypassCooldown" methodname="ShortTapCompletesStartupAndCannotBypassCooldown" classname="Splatoon.Tests.ShooterMovementTests" runstate="Runnable" seed="260788114" result="Passed" start-time="2026-09-13 14:16:13Z" end-time="2026-09-13 14:16:13Z" duration="0.028237" asserts="0">
              <properties />
            </test-case>
            <test-suite type="ParameterizedMethod" id="1152" name="StartupAndContinuousCadenceUseReferenceFrames" fullname="Splatoon.Tests.ShooterMovementTests.StartupAndContinuousCadenceUseReferenceFrames" classname="Splatoon.Tests.ShooterMovementTests" runstate="Runnable" testcasecount="2" result="Passed" start-time="2026-09-13 14:16:13Z" end-time="2026-09-13 14:16:13Z" duration="0.061193" total="2" passed="2" failed="0" inconclusive="0" skipped="0" asserts="0">
              <properties />
              <test-case id="1150" name="StartupAndContinuousCadenceUseReferenceFrames(False,2)" fullname="Splatoon.Tests.ShooterMovementTests.StartupAndContinuousCadenceUseReferenceFrames(False,2)" methodname="StartupAndContinuousCadenceUseReferenceFrames" classname="Splatoon.Tests.ShooterMovementTests" runstate="Runnable" seed="2055635380" result="Passed" start-time="2026-09-13 14:16:13Z" end-time="2026-09-13 14:16:13Z" duration="0.029166" asserts="0">
                <properties />
              </test-case>
              <test-case id="1151" name="StartupAndContinuousCadenceUseReferenceFrames(True,10)" fullname="Splatoon.Tests.ShooterMovementTests.StartupAndContinuousCadenceUseReferenceFrames(True,10)" methodname="StartupAndContinuousCadenceUseReferenceFrames" classname="Splatoon.Tests.ShooterMovementTests" runstate="Runnable" seed="685586755" result="Passed" start-time="2026-09-13 14:16:13Z" end-time="2026-09-13 14:16:13Z" duration="0.028771" asserts="0">
                <properties />
              </test-case>
            </test-suite>
            <test-case id="1156" name="SwimmingCannotBypassRecoveryLock" fullname="Splatoon.Tests.ShooterMovementTests.SwimmingCannotBypassRecoveryLock" methodname="SwimmingCannotBypassRecoveryLock" classname="Splatoon.Tests.ShooterMovementTests" runstate="Runnable" seed="1033610210" result="Passed" start-time="2026-09-13 14:16:13Z" end-time="2026-09-13 14:16:13Z" duration="0.028931" asserts="0">
              <properties />
            </test-case>
            <test-case id="1174" name="WallClimbMantleAndEnemyCoverUseActualController" fullname="Splatoon.Tests.ShooterMovementTests.WallClimbMantleAndEnemyCoverUseActualController" methodname="WallClimbMantleAndEnemyCoverUseActualController" classname="Splatoon.Tests.ShooterMovementTests" runstate="Runnable" seed="1179883616" result="Passed" start-time="2026-09-13 14:16:13Z" end-time="2026-09-13 14:16:14Z" duration="0.400727" asserts="0">
              <properties />
            </test-case>
            <test-case id="1180" name="WallFireWaitsForStandingClearanceAndMantleRejectsBlockedTop" fullname="Splatoon.Tests.ShooterMovementTests.WallFireWaitsForStandingClearanceAndMantleRejectsBlockedTop" methodname="WallFireWaitsForStandingClearanceAndMantleRejectsBlockedTop" classname="Splatoon.Tests.ShooterMovementTests" runstate="Runnable" seed="1598193550" result="Passed" start-time="2026-09-13 14:16:14Z" end-time="2026-09-13 14:16:14Z" duration="0.416792" asserts="0">
              <properties />
            </test-case>
            <test-case id="1171" name="WallPlanesAreIndependentAndDoNotAddScoreArea" fullname="Splatoon.Tests.ShooterMovementTests.WallPlanesAreIndependentAndDoNotAddScoreArea" methodname="WallPlanesAreIndependentAndDoNotAddScoreArea" classname="Splatoon.Tests.ShooterMovementTests" runstate="Runnable" seed="2035980431" result="Passed" start-time="2026-09-13 14:16:14Z" end-time="2026-09-13 14:16:15Z" duration="0.438843" asserts="0">
              <properties />
            </test-case>
          </test-suite>
          <test-suite type="TestFixture" id="1192" name="WeaponReferenceMeasurementTests" fullname="Splatoon.Tests.WeaponReferenceMeasurementTests" classname="Splatoon.Tests.WeaponReferenceMeasurementTests" runstate="Runnable" testcasecount="3" result="Passed" start-time="2026-09-13 14:16:25Z" end-time="2026-09-13 14:16:30Z" duration="5.432897" total="3" passed="3" failed="0" inconclusive="0" skipped="0" asserts="0">
            <properties />
            <test-case id="1193" name="CaptureAllFiveWeaponsWithRealProjectileAndOwnershipCode" fullname="Splatoon.Tests.WeaponReferenceMeasurementTests.CaptureAllFiveWeaponsWithRealProjectileAndOwnershipCode" methodname="CaptureAllFiveWeaponsWithRealProjectileAndOwnershipCode" classname="Splatoon.Tests.WeaponReferenceMeasurementTests" runstate="Runnable" seed="1259721614" result="Passed" start-time="2026-09-13 14:16:15Z" end-time="2026-09-13 14:16:20Z" duration="5.152624" asserts="0">
              <properties />
            </test-case>
            <test-case id="1195" name="PlayModeUsesTheSameMeasuredPhysicsAndCoverage" fullname="Splatoon.Tests.WeaponReferenceMeasurementTests.PlayModeUsesTheSameMeasuredPhysicsAndCoverage" methodname="PlayModeUsesTheSameMeasuredPhysicsAndCoverage" classname="Splatoon.Tests.WeaponReferenceMeasurementTests" runstate="Runnable" seed="1178510215" result="Passed" start-time="2026-09-13 14:16:20Z" end-time="2026-09-13 14:16:30Z" duration="10.454627" asserts="0">
              <properties>
                <property name="_JOINTYPE" value="UnityCombinatorial" />
                <property name="retryIteration" value="0" />
                <property name="repeatIteration" value="0" />
              </properties>
            </test-case>
            <test-case id="1194" name="RepeatingMeasurementUsesIdenticalSeededTrajectoryAndCoverage" fullname="Splatoon.Tests.WeaponReferenceMeasurementTests.RepeatingMeasurementUsesIdenticalSeededTrajectoryAndCoverage" methodname="RepeatingMeasurementUsesIdenticalSeededTrajectoryAndCoverage" classname="Splatoon.Tests.WeaponReferenceMeasurementTests" runstate="Runnable" seed="1077596523" result="Passed" start-time="2026-09-13 14:16:30Z" end-time="2026-09-13 14:16:30Z" duration="0.133379" asserts="0">
              <properties>
                <property name="retryIteration" value="0" />
                <property name="repeatIteration" value="0" />
              </properties>
            </test-case>
          </test-suite>
          <test-suite type="TestFixture" id="1196" name="WeaponReferenceTests" fullname="Splatoon.Tests.WeaponReferenceTests" classname="Splatoon.Tests.WeaponReferenceTests" runstate="Runnable" testcasecount="11" result="Passed" start-time="2026-09-13 14:16:30Z" end-time="2026-09-13 14:16:31Z" duration="0.084569" total="11" passed="11" failed="0" inconclusive="0" skipped="0" asserts="0">
            <properties />
            <test-case id="1206" name="FullChargeDamageIsIndependentOfUnverifiedPartialCurve" fullname="Splatoon.Tests.WeaponReferenceTests.FullChargeDamageIsIndependentOfUnverifiedPartialCurve" methodname="FullChargeDamageIsIndependentOfUnverifiedPartialCurve" classname="Splatoon.Tests.WeaponReferenceTests" runstate="Runnable" seed="205393616" result="Passed" start-time="2026-09-13 14:16:30Z" end-time="2026-09-13 14:16:30Z" duration="0.014181" asserts="0">
              <properties>
                <property name="retryIteration" value="0" />
                <property name="repeatIteration" value="0" />
              </properties>
            </test-case>
            <test-case id="1210" name="GatedPhysicsAndPaintParametersRetainBaseline" fullname="Splatoon.Tests.WeaponReferenceTests.GatedPhysicsAndPaintParametersRetainBaseline" methodname="GatedPhysicsAndPaintParametersRetainBaseline" classname="Splatoon.Tests.WeaponReferenceTests" runstate="Runnable" seed="2115806405" result="Passed" start-time="2026-09-13 14:16:30Z" end-time="2026-09-13 14:16:30Z" duration="0.005091" asserts="0">
              <properties>
                <property name="retryIteration" value="0" />
                <property name="repeatIteration" value="0" />
              </properties>
            </test-case>
            <test-case id="1205" name="HeavyShooterConsecutiveShotsAreNineReferenceFramesApart" fullname="Splatoon.Tests.WeaponReferenceTests.HeavyShooterConsecutiveShotsAreNineReferenceFramesApart" methodname="HeavyShooterConsecutiveShotsAreNineReferenceFramesApart" classname="Splatoon.Tests.WeaponReferenceTests" runstate="Runnable" seed="1624904780" result="Passed" start-time="2026-09-13 14:16:30Z" end-time="2026-09-13 14:16:30Z" duration="0.005262" asserts="0">
              <properties>
                <property name="retryIteration" value="0" />
                <property name="repeatIteration" value="0" />
              </properties>
            </test-case>
            <test-suite type="ParameterizedMethod" id="1204" name="RecoveryLockUsesPinnedFramesAndAllowsRecoveryAtBoundary" fullname="Splatoon.Tests.WeaponReferenceTests.RecoveryLockUsesPinnedFramesAndAllowsRecoveryAtBoundary" classname="Splatoon.Tests.WeaponReferenceTests" runstate="Runnable" testcasecount="2" result="Passed" start-time="2026-09-13 14:16:30Z" end-time="2026-09-13 14:16:30Z" duration="0.013179" total="2" passed="2" failed="0" inconclusive="0" skipped="0" asserts="0">
              <properties />
              <test-case id="1202" name="RecoveryLockUsesPinnedFramesAndAllowsRecoveryAtBoundary(2)" fullname="Splatoon.Tests.WeaponReferenceTests.RecoveryLockUsesPinnedFramesAndAllowsRecoveryAtBoundary(2)" methodname="RecoveryLockUsesPinnedFramesAndAllowsRecoveryAtBoundary" classname="Splatoon.Tests.WeaponReferenceTests" runstate="Runnable" seed="519224166" result="Passed" start-time="2026-09-13 14:16:30Z" end-time="2026-09-13 14:16:30Z" duration="0.006052" asserts="0">
                <properties>
                  <property name="retryIteration" value="0" />
                  <property name="repeatIteration" value="0" />
                </properties>
              </test-case>
              <test-case id="1203" name="RecoveryLockUsesPinnedFramesAndAllowsRecoveryAtBoundary(4)" fullname="Splatoon.Tests.WeaponReferenceTests.RecoveryLockUsesPinnedFramesAndAllowsRecoveryAtBoundary(4)" methodname="RecoveryLockUsesPinnedFramesAndAllowsRecoveryAtBoundary" classname="Splatoon.Tests.WeaponReferenceTests" runstate="Runnable" seed="896424611" result="Passed" start-time="2026-09-13 14:16:30Z" end-time="2026-09-13 14:16:30Z" duration="0.004661" asserts="0">
                <properties>
                  <property name="retryIteration" value="0" />
                  <property name="repeatIteration" value="0" />
                </properties>
              </test-case>
            </test-suite>
            <test-suite type="ParameterizedMethod" id="1201" name="ShooterInkAndFullTankCountMatchPinnedReference" fullname="Splatoon.Tests.WeaponReferenceTests.ShooterInkAndFullTankCountMatchPinnedReference" classname="Splatoon.Tests.WeaponReferenceTests" runstate="Runnable" testcasecount="4" result="Passed" start-time="2026-09-13 14:16:30Z" end-time="2026-09-13 14:16:30Z" duration="0.026277" total="4" passed="4" failed="0" inconclusive="0" skipped="0" asserts="0">
              <properties />
              <test-case id="1197" name="ShooterInkAndFullTankCountMatchPinnedReference(1)" fullname="Splatoon.Tests.WeaponReferenceTests.ShooterInkAndFullTankCountMatchPinnedReference(1)" methodname="ShooterInkAndFullTankCountMatchPinnedReference" classname="Splatoon.Tests.WeaponReferenceTests" runstate="Runnable" seed="793590743" result="Passed" start-time="2026-09-13 14:16:30Z" end-time="2026-09-13 14:16:30Z" duration="0.006328" asserts="0">
                <properties>
                  <property name="retryIteration" value="0" />
                  <property name="repeatIteration" value="0" />
                </properties>
              </test-case>
              <test-case id="1198" name="ShooterInkAndFullTankCountMatchPinnedReference(2)" fullname="Splatoon.Tests.WeaponReferenceTests.ShooterInkAndFullTankCountMatchPinnedReference(2)" methodname="ShooterInkAndFullTankCountMatchPinnedReference" classname="Splatoon.Tests.WeaponReferenceTests" runstate="Runnable" seed="1253056788" result="Passed" start-time="2026-09-13 14:16:30Z" end-time="2026-09-13 14:16:30Z" duration="0.005335" asserts="0">
                <properties>
                  <property name="retryIteration" value="0" />
                  <property name="repeatIteration" value="0" />
                </properties>
              </test-case>
              <test-case id="1199" name="ShooterInkAndFullTankCountMatchPinnedReference(3)" fullname="Splatoon.Tests.WeaponReferenceTests.ShooterInkAndFullTankCountMatchPinnedReference(3)" methodname="ShooterInkAndFullTankCountMatchPinnedReference" classname="Splatoon.Tests.WeaponReferenceTests" runstate="Runnable" seed="1117034510" result="Passed" start-time="2026-09-13 14:16:30Z" end-time="2026-09-13 14:16:30Z" duration="0.005090" asserts="0">
                <properties>
                  <property name="retryIteration" value="0" />
                  <property name="repeatIteration" value="0" />
                </properties>
              </test-case>
              <test-case id="1200" name="ShooterInkAndFullTankCountMatchPinnedReference(4)" fullname="Splatoon.Tests.WeaponReferenceTests.ShooterInkAndFullTankCountMatchPinnedReference(4)" methodname="ShooterInkAndFullTankCountMatchPinnedReference" classname="Splatoon.Tests.WeaponReferenceTests" runstate="Runnable" seed="1843949148" result="Passed" start-time="2026-09-13 14:16:30Z" end-time="2026-09-13 14:16:30Z" duration="0.005327" asserts="0">
                <properties>
                  <property name="retryIteration" value="0" />
                  <property name="repeatIteration" value="0" />
                </properties>
              </test-case>
            </test-suite>
            <test-suite type="ParameterizedMethod" id="1209" name="ZeroAbilityFullInkRecoveryMatchesPinnedCommonData" fullname="Splatoon.Tests.WeaponReferenceTests.ZeroAbilityFullInkRecoveryMatchesPinnedCommonData" classname="Splatoon.Tests.WeaponReferenceTests" runstate="Runnable" testcasecount="2" result="Passed" start-time="2026-09-13 14:16:30Z" end-time="2026-09-13 14:16:31Z" duration="0.013082" total="2" passed="2" failed="0" inconclusive="0" skipped="0" asserts="0">
              <properties />
              <test-case id="1207" name="ZeroAbilityFullInkRecoveryMatchesPinnedCommonData(False,600)" fullname="Splatoon.Tests.WeaponReferenceTests.ZeroAbilityFullInkRecoveryMatchesPinnedCommonData(False,600)" methodname="ZeroAbilityFullInkRecoveryMatchesPinnedCommonData" classname="Splatoon.Tests.WeaponReferenceTests" runstate="Runnable" seed="1236202186" result="Passed" start-time="2026-09-13 14:16:30Z" end-time="2026-09-13 14:16:30Z" duration="0.005543" asserts="0">
                <properties>
                  <property name="retryIteration" value="0" />
                  <property name="repeatIteration" value="0" />
                </properties>
              </test-case>
              <test-case id="1208" name="ZeroAbilityFullInkRecoveryMatchesPinnedCommonData(True,180)" fullname="Splatoon.Tests.WeaponReferenceTests.ZeroAbilityFullInkRecoveryMatchesPinnedCommonData(True,180)" methodname="ZeroAbilityFullInkRecoveryMatchesPinnedCommonData" classname="Splatoon.Tests.WeaponReferenceTests" runstate="Runnable" seed="1865509779" result="Passed" start-time="2026-09-13 14:16:30Z" end-time="2026-09-13 14:16:31Z" duration="0.005017" asserts="0">
                <properties>
                  <property name="retryIteration" value="0" />
                  <property name="repeatIteration" value="0" />
                </properties>
                <output><![CDATA[Saving results to: C:/Users/wepie/AppData/LocalLow/DefaultCompany/喷墨对战\TestResults.xml
]]></output>
              </test-case>
            </test-suite>
          </test-suite>
        </test-suite>
      </test-suite>
    </test-suite>
  </test-suite>
</test-run>